-encoding
UTF-8
-outxml
-source
1.8
-target
1.8
-classpath
C:\Users\MerinP\.m2\repository\junit\junit\4.12\junit-4.12.jar;C:\Users\MerinP\.m2\repository\log4j\log4j\1.2.17\log4j-1.2.17.jar;C:\Users\MerinP\.m2\repository\org\slf4j\slf4j-api\1.7.5\slf4j-api-1.7.5.jar;C:\Users\MerinP\.m2\repository\org\slf4j\jcl-over-slf4j\1.7.5\jcl-over-slf4j-1.7.5.jar;C:\Users\MerinP\.m2\repository\org\slf4j\slf4j-log4j12\1.7.5\slf4j-log4j12-1.7.5.jar;C:\Users\MerinP\.m2\repository\org\aspectj\aspectjrt\1.8.1\aspectjrt-1.8.1.jar;C:\Users\MerinP\.m2\repository\org\aspectj\aspectjweaver\1.8.1\aspectjweaver-1.8.1.jar;C:\Users\MerinP\.m2\repository\javax\servlet\servlet-api\2.5\servlet-api-2.5.jar;C:\Users\MerinP\.m2\repository\net\sf\flexjson\flexjson\2.1\flexjson-2.1.jar;C:\Users\MerinP\.m2\repository\org\apache\commons\commons-lang3\3.1\commons-lang3-3.1.jar;C:\Users\MerinP\.m2\repository\org\springframework\roo\org.springframework.roo.annotations\1.3.2.RELEASE\org.springframework.roo.annotations-1.3.2.RELEASE.jar;C:\Users\MerinP\.m2\repository\org\springframework\spring-core\4.3.3.RELEASE\spring-core-4.3.3.RELEASE.jar;C:\Users\MerinP\.m2\repository\org\springframework\spring-test\4.3.3.RELEASE\spring-test-4.3.3.RELEASE.jar;C:\Users\MerinP\.m2\repository\org\springframework\spring-context\4.3.3.RELEASE\spring-context-4.3.3.RELEASE.jar;C:\Users\MerinP\.m2\repository\org\springframework\spring-aop\4.3.3.RELEASE\spring-aop-4.3.3.RELEASE.jar;C:\Users\MerinP\.m2\repository\org\springframework\spring-aspects\4.3.3.RELEASE\spring-aspects-4.3.3.RELEASE.jar;C:\Users\MerinP\.m2\repository\com\fasterxml\jackson\core\jackson-databind\2.7.5\jackson-databind-2.7.5.jar;C:\Users\MerinP\.m2\repository\org\springframework\spring-context-support\4.3.3.RELEASE\spring-context-support-4.3.3.RELEASE.jar;C:\Users\MerinP\.m2\repository\javax\cache\cache-api\1.0.0\cache-api-1.0.0.jar;C:\Users\MerinP\.m2\repository\mysql\mysql-connector-java\5.1.18\mysql-connector-java-5.1.18.jar;C:\Users\MerinP\.m2\repository\org\hibernate\hibernate-core\4.3.6.Final\hibernate-core-4.3.6.Final.jar;C:\Users\MerinP\.m2\repository\org\hibernate\hibernate-entitymanager\4.3.6.Final\hibernate-entitymanager-4.3.6.Final.jar;C:\Users\MerinP\.m2\repository\org\hibernate\javax\persistence\hibernate-jpa-2.1-api\1.0.0.Final\hibernate-jpa-2.1-api-1.0.0.Final.jar;C:\Users\MerinP\.m2\repository\commons-collections\commons-collections\3.2.1\commons-collections-3.2.1.jar;C:\Users\MerinP\.m2\repository\org\hibernate\hibernate-validator\4.3.2.Final\hibernate-validator-4.3.2.Final.jar;C:\Users\MerinP\.m2\repository\javax\validation\validation-api\1.0.0.GA\validation-api-1.0.0.GA.jar;C:\Users\MerinP\.m2\repository\javax\transaction\jta\1.1\jta-1.1.jar;C:\Users\MerinP\.m2\repository\org\springframework\spring-jdbc\4.3.3.RELEASE\spring-jdbc-4.3.3.RELEASE.jar;C:\Users\MerinP\.m2\repository\org\springframework\spring-orm\4.3.3.RELEASE\spring-orm-4.3.3.RELEASE.jar;C:\Users\MerinP\.m2\repository\commons-pool\commons-pool\1.5.6\commons-pool-1.5.6.jar;C:\Users\MerinP\.m2\repository\commons-dbcp\commons-dbcp\1.4\commons-dbcp-1.4.jar;C:\Users\MerinP\.m2\repository\org\springframework\spring-webmvc\4.3.3.RELEASE\spring-webmvc-4.3.3.RELEASE.jar;C:\Users\MerinP\.m2\repository\org\springframework\webflow\spring-js-resources\2.2.1.RELEASE\spring-js-resources-2.2.1.RELEASE.jar;C:\Users\MerinP\.m2\repository\commons-digester\commons-digester\2.1\commons-digester-2.1.jar;C:\Users\MerinP\.m2\repository\commons-fileupload\commons-fileupload\1.2.2\commons-fileupload-1.2.2.jar;C:\Users\MerinP\.m2\repository\javax\servlet\jsp\jstl\jstl-api\1.2\jstl-api-1.2.jar;C:\Users\MerinP\.m2\repository\org\glassfish\web\jstl-impl\1.2\jstl-impl-1.2.jar;C:\Users\MerinP\.m2\repository\javax\el\el-api\2.2\el-api-2.2.jar;C:\Users\MerinP\.m2\repository\joda-time\joda-time\1.6\joda-time-1.6.jar;C:\Users\MerinP\.m2\repository\javax\servlet\jsp\jsp-api\2.1\jsp-api-2.1.jar;C:\Users\MerinP\.m2\repository\commons-codec\commons-codec\1.5\commons-codec-1.5.jar;C:\Users\MerinP\.m2\repository\org\apache\tiles\tiles-jsp\2.2.2\tiles-jsp-2.2.2.jar;C:\Users\MerinP\.m2\repository\org\springframework\security\spring-security-core\3.2.5.RELEASE\spring-security-core-3.2.5.RELEASE.jar;C:\Users\MerinP\.m2\repository\org\springframework\security\spring-security-config\3.2.5.RELEASE\spring-security-config-3.2.5.RELEASE.jar;C:\Users\MerinP\.m2\repository\org\springframework\security\spring-security-web\3.2.5.RELEASE\spring-security-web-3.2.5.RELEASE.jar;C:\Users\MerinP\.m2\repository\org\springframework\security\spring-security-taglibs\3.2.5.RELEASE\spring-security-taglibs-3.2.5.RELEASE.jar;C:\Users\MerinP\.m2\repository\com\jcraft\jsch\0.1.54\jsch-0.1.54.jar;C:\Users\MerinP\.m2\repository\javax\mail\mail\1.5.0-b01\mail-1.5.0-b01.jar;C:\Users\MerinP\.m2\repository\commons-io\commons-io\2.4\commons-io-2.4.jar;C:\Users\MerinP\.m2\repository\org\springframework\spring-beans\4.3.3.RELEASE\spring-beans-4.3.3.RELEASE.jar;C:\Users\MerinP\.m2\repository\org\springframework\spring-expression\4.3.3.RELEASE\spring-expression-4.3.3.RELEASE.jar;C:\Users\MerinP\.m2\repository\com\fasterxml\jackson\core\jackson-annotations\2.7.0\jackson-annotations-2.7.0.jar;C:\Users\MerinP\.m2\repository\com\fasterxml\jackson\core\jackson-core\2.7.5\jackson-core-2.7.5.jar;C:\Users\MerinP\.m2\repository\org\jboss\logging\jboss-logging\3.1.3.GA\jboss-logging-3.1.3.GA.jar;C:\Users\MerinP\.m2\repository\org\jboss\logging\jboss-logging-annotations\1.2.0.Beta1\jboss-logging-annotations-1.2.0.Beta1.jar;C:\Users\MerinP\.m2\repository\org\jboss\spec\javax\transaction\jboss-transaction-api_1.2_spec\1.0.0.Final\jboss-transaction-api_1.2_spec-1.0.0.Final.jar;C:\Users\MerinP\.m2\repository\dom4j\dom4j\1.6.1\dom4j-1.6.1.jar;C:\Users\MerinP\.m2\repository\xml-apis\xml-apis\1.0.b2\xml-apis-1.0.b2.jar;C:\Users\MerinP\.m2\repository\org\hibernate\common\hibernate-commons-annotations\4.0.5.Final\hibernate-commons-annotations-4.0.5.Final.jar;C:\Users\MerinP\.m2\repository\org\javassist\javassist\3.18.1-GA\javassist-3.18.1-GA.jar;C:\Users\MerinP\.m2\repository\antlr\antlr\2.7.7\antlr-2.7.7.jar;C:\Users\MerinP\.m2\repository\org\jboss\jandex\1.1.0.Final\jandex-1.1.0.Final.jar;C:\Users\MerinP\.m2\repository\org\springframework\spring-tx\4.3.3.RELEASE\spring-tx-4.3.3.RELEASE.jar;C:\Users\MerinP\.m2\repository\org\springframework\spring-web\4.3.3.RELEASE\spring-web-4.3.3.RELEASE.jar;C:\Users\MerinP\.m2\repository\commons-beanutils\commons-beanutils\1.8.3\commons-beanutils-1.8.3.jar;C:\Users\MerinP\.m2\repository\org\apache\tiles\tiles-servlet\2.2.2\tiles-servlet-2.2.2.jar;C:\Users\MerinP\.m2\repository\org\apache\tiles\tiles-core\2.2.2\tiles-core-2.2.2.jar;C:\Users\MerinP\.m2\repository\org\apache\tiles\tiles-template\2.2.2\tiles-template-2.2.2.jar;C:\Users\MerinP\.m2\repository\org\apache\tiles\tiles-api\2.2.2\tiles-api-2.2.2.jar;C:\Users\MerinP\.m2\repository\aopalliance\aopalliance\1.0\aopalliance-1.0.jar;C:\Users\MerinP\.m2\repository\org\springframework\security\spring-security-acl\3.2.5.RELEASE\spring-security-acl-3.2.5.RELEASE.jar;C:\Users\MerinP\.m2\repository\javax\activation\activation\1.1\activation-1.1.jar;C:\MERIN\Documents\PatentPlace\P3S local repo\bcs_p3s_repo_final_final\p3s\target\classes
-aspectpath
C:\Users\MerinP\.m2\repository\org\springframework\spring-aspects\4.3.3.RELEASE\spring-aspects-4.3.3.RELEASE.jar
-d
C:\MERIN\Documents\PatentPlace\P3S local repo\bcs_p3s_repo_final_final\p3s\target\classes
C:\MERIN\Documents\PatentPlace\P3S local repo\bcs_p3s_repo_final_final\p3s\src\main\java\com\bcs\p3s\controller\rest\DocRestController.java
C:\MERIN\Documents\PatentPlace\P3S local repo\bcs_p3s_repo_final_final\p3s\src\main\java\com\bcs\p3s\controller\rest\ForgotPasswordRestController.java
C:\MERIN\Documents\PatentPlace\P3S local repo\bcs_p3s_repo_final_final\p3s\src\main\java\com\bcs\p3s\controller\rest\MiscRestController.java
C:\MERIN\Documents\PatentPlace\P3S local repo\bcs_p3s_repo_final_final\p3s\src\main\java\com\bcs\p3s\controller\rest\PatentRestController.java
C:\MERIN\Documents\PatentPlace\P3S local repo\bcs_p3s_repo_final_final\p3s\src\main\java\com\bcs\p3s\controller\rest\PaymentRestController.java
C:\MERIN\Documents\PatentPlace\P3S local repo\bcs_p3s_repo_final_final\p3s\src\main\java\com\bcs\p3s\controller\rest\RegisterRestController.java
C:\MERIN\Documents\PatentPlace\P3S local repo\bcs_p3s_repo_final_final\p3s\src\main\java\com\bcs\p3s\controller\rest\TransactionRestController.java
C:\MERIN\Documents\PatentPlace\P3S local repo\bcs_p3s_repo_final_final\p3s\src\main\java\com\bcs\p3s\controller\rest\UserProfileRestController.java
C:\MERIN\Documents\PatentPlace\P3S local repo\bcs_p3s_repo_final_final\p3s\src\main\java\com\bcs\p3s\controller\web\ApplicationConversionServiceFactoryBean.java
C:\MERIN\Documents\PatentPlace\P3S local repo\bcs_p3s_repo_final_final\p3s\src\main\java\com\bcs\p3s\controller\web\ApplicationConversionServiceFactoryBean_Roo_ConversionService.aj
C:\MERIN\Documents\PatentPlace\P3S local repo\bcs_p3s_repo_final_final\p3s\src\main\java\com\bcs\p3s\controller\web\BusinessController.java
C:\MERIN\Documents\PatentPlace\P3S local repo\bcs_p3s_repo_final_final\p3s\src\main\java\com\bcs\p3s\controller\web\BusinessController_Roo_Controller.aj
C:\MERIN\Documents\PatentPlace\P3S local repo\bcs_p3s_repo_final_final\p3s\src\main\java\com\bcs\p3s\controller\web\MiscController.java
C:\MERIN\Documents\PatentPlace\P3S local repo\bcs_p3s_repo_final_final\p3s\src\main\java\com\bcs\p3s\controller\web\P3SUserController.java
C:\MERIN\Documents\PatentPlace\P3S local repo\bcs_p3s_repo_final_final\p3s\src\main\java\com\bcs\p3s\controller\web\P3SUserController_Roo_Controller.aj
C:\MERIN\Documents\PatentPlace\P3S local repo\bcs_p3s_repo_final_final\p3s\src\main\java\com\bcs\p3s\controller\web\PatentController.java
C:\MERIN\Documents\PatentPlace\P3S local repo\bcs_p3s_repo_final_final\p3s\src\main\java\com\bcs\p3s\controller\web\PatentController_Roo_Controller.aj
C:\MERIN\Documents\PatentPlace\P3S local repo\bcs_p3s_repo_final_final\p3s\src\main\java\com\bcs\p3s\cron\cronspecific\CronP3SEnvironmentKnowledge.java
C:\MERIN\Documents\PatentPlace\P3S local repo\bcs_p3s_repo_final_final\p3s\src\main\java\com\bcs\p3s\cron\cronspecific\CronP3SPropertyReader.java
C:\MERIN\Documents\PatentPlace\P3S local repo\bcs_p3s_repo_final_final\p3s\src\main\java\com\bcs\p3s\cron\cronspecific\CronPropertyNames.java
C:\MERIN\Documents\PatentPlace\P3S local repo\bcs_p3s_repo_final_final\p3s\src\main\java\com\bcs\p3s\cron\cronspecific\package-info.java
C:\MERIN\Documents\PatentPlace\P3S local repo\bcs_p3s_repo_final_final\p3s\src\main\java\com\bcs\p3s\cron\engine\NotificationEngine.java
C:\MERIN\Documents\PatentPlace\P3S local repo\bcs_p3s_repo_final_final\p3s\src\main\java\com\bcs\p3s\cron\engine\package-info.java
C:\MERIN\Documents\PatentPlace\P3S local repo\bcs_p3s_repo_final_final\p3s\src\main\java\com\bcs\p3s\cron\notification\provider\NotificationFinder.java
C:\MERIN\Documents\PatentPlace\P3S local repo\bcs_p3s_repo_final_final\p3s\src\main\java\com\bcs\p3s\cron\service\NotificationSenderService.java
C:\MERIN\Documents\PatentPlace\P3S local repo\bcs_p3s_repo_final_final\p3s\src\main\java\com\bcs\p3s\cron\service\NotificationSenderServiceImpl.java
C:\MERIN\Documents\PatentPlace\P3S local repo\bcs_p3s_repo_final_final\p3s\src\main\java\com\bcs\p3s\cron\service\package-info.java
C:\MERIN\Documents\PatentPlace\P3S local repo\bcs_p3s_repo_final_final\p3s\src\main\java\com\bcs\p3s\display\CostAnalysisData.java
C:\MERIN\Documents\PatentPlace\P3S local repo\bcs_p3s_repo_final_final\p3s\src\main\java\com\bcs\p3s\display\FeeUI.java
C:\MERIN\Documents\PatentPlace\P3S local repo\bcs_p3s_repo_final_final\p3s\src\main\java\com\bcs\p3s\display\FxRateCurrentUI.java
C:\MERIN\Documents\PatentPlace\P3S local repo\bcs_p3s_repo_final_final\p3s\src\main\java\com\bcs\p3s\display\FxRateUI.java
C:\MERIN\Documents\PatentPlace\P3S local repo\bcs_p3s_repo_final_final\p3s\src\main\java\com\bcs\p3s\display\LoginMessageUI.java
C:\MERIN\Documents\PatentPlace\P3S local repo\bcs_p3s_repo_final_final\p3s\src\main\java\com\bcs\p3s\display\NextRenewalDates.java
C:\MERIN\Documents\PatentPlace\P3S local repo\bcs_p3s_repo_final_final\p3s\src\main\java\com\bcs\p3s\display\NotificationUI.java
C:\MERIN\Documents\PatentPlace\P3S local repo\bcs_p3s_repo_final_final\p3s\src\main\java\com\bcs\p3s\display\package-info.java
C:\MERIN\Documents\PatentPlace\P3S local repo\bcs_p3s_repo_final_final\p3s\src\main\java\com\bcs\p3s\display\PatentUI.java
C:\MERIN\Documents\PatentPlace\P3S local repo\bcs_p3s_repo_final_final\p3s\src\main\java\com\bcs\p3s\display\PaymentUI.java
C:\MERIN\Documents\PatentPlace\P3S local repo\bcs_p3s_repo_final_final\p3s\src\main\java\com\bcs\p3s\display\RenewalDates.java
C:\MERIN\Documents\PatentPlace\P3S local repo\bcs_p3s_repo_final_final\p3s\src\main\java\com\bcs\p3s\display\RenewalUI.java
C:\MERIN\Documents\PatentPlace\P3S local repo\bcs_p3s_repo_final_final\p3s\src\main\java\com\bcs\p3s\display\UserProfileUI.java
C:\MERIN\Documents\PatentPlace\P3S local repo\bcs_p3s_repo_final_final\p3s\src\main\java\com\bcs\p3s\docs\CertificatesProcessingEngine.java
C:\MERIN\Documents\PatentPlace\P3S local repo\bcs_p3s_repo_final_final\p3s\src\main\java\com\bcs\p3s\docs\email\EmailDevTest.java
C:\MERIN\Documents\PatentPlace\P3S local repo\bcs_p3s_repo_final_final\p3s\src\main\java\com\bcs\p3s\docs\email\Injectables.java
C:\MERIN\Documents\PatentPlace\P3S local repo\bcs_p3s_repo_final_final\p3s\src\main\java\com\bcs\p3s\docs\email\P3sEmail.java
C:\MERIN\Documents\PatentPlace\P3S local repo\bcs_p3s_repo_final_final\p3s\src\main\java\com\bcs\p3s\docs\email\P3sEmailData.java
C:\MERIN\Documents\PatentPlace\P3S local repo\bcs_p3s_repo_final_final\p3s\src\main\java\com\bcs\p3s\docs\email\P3sEmailFactory.java
C:\MERIN\Documents\PatentPlace\P3S local repo\bcs_p3s_repo_final_final\p3s\src\main\java\com\bcs\p3s\docs\email\P3sEmailInterface.java
C:\MERIN\Documents\PatentPlace\P3S local repo\bcs_p3s_repo_final_final\p3s\src\main\java\com\bcs\p3s\docs\email\package-info.java
C:\MERIN\Documents\PatentPlace\P3S local repo\bcs_p3s_repo_final_final\p3s\src\main\java\com\bcs\p3s\docs\email\Populators\AbstractPopulator.java
C:\MERIN\Documents\PatentPlace\P3S local repo\bcs_p3s_repo_final_final\p3s\src\main\java\com\bcs\p3s\docs\email\Populators\CertificatePopulator.java
C:\MERIN\Documents\PatentPlace\P3S local repo\bcs_p3s_repo_final_final\p3s\src\main\java\com\bcs\p3s\docs\email\Populators\EmailTypeEnum.java
C:\MERIN\Documents\PatentPlace\P3S local repo\bcs_p3s_repo_final_final\p3s\src\main\java\com\bcs\p3s\docs\email\Populators\ForgotPasswordPopulator.java
C:\MERIN\Documents\PatentPlace\P3S local repo\bcs_p3s_repo_final_final\p3s\src\main\java\com\bcs\p3s\docs\email\Populators\InternalUseOnlyPopulator.java
C:\MERIN\Documents\PatentPlace\P3S local repo\bcs_p3s_repo_final_final\p3s\src\main\java\com\bcs\p3s\docs\email\Populators\package-info.java
C:\MERIN\Documents\PatentPlace\P3S local repo\bcs_p3s_repo_final_final\p3s\src\main\java\com\bcs\p3s\docs\email\Populators\PopulatorInterface.java
C:\MERIN\Documents\PatentPlace\P3S local repo\bcs_p3s_repo_final_final\p3s\src\main\java\com\bcs\p3s\docs\email\Populators\RegisterPopulator.java
C:\MERIN\Documents\PatentPlace\P3S local repo\bcs_p3s_repo_final_final\p3s\src\main\java\com\bcs\p3s\docs\email\Populators\ReminderBasicDetailsPopulator.java
C:\MERIN\Documents\PatentPlace\P3S local repo\bcs_p3s_repo_final_final\p3s\src\main\java\com\bcs\p3s\docs\email\Populators\ReminderColourOpenPopulator.java
C:\MERIN\Documents\PatentPlace\P3S local repo\bcs_p3s_repo_final_final\p3s\src\main\java\com\bcs\p3s\docs\email\Populators\ReminderInBlackPopulator.java
C:\MERIN\Documents\PatentPlace\P3S local repo\bcs_p3s_repo_final_final\p3s\src\main\java\com\bcs\p3s\docs\email\Populators\ReminderStandardPopulator.java
C:\MERIN\Documents\PatentPlace\P3S local repo\bcs_p3s_repo_final_final\p3s\src\main\java\com\bcs\p3s\docs\email\Populators\TransactionPopulator.java
C:\MERIN\Documents\PatentPlace\P3S local repo\bcs_p3s_repo_final_final\p3s\src\main\java\com\bcs\p3s\docs\email\template\EmailTemplateReader.java
C:\MERIN\Documents\PatentPlace\P3S local repo\bcs_p3s_repo_final_final\p3s\src\main\java\com\bcs\p3s\docs\email\template\EmailTemplates.java
C:\MERIN\Documents\PatentPlace\P3S local repo\bcs_p3s_repo_final_final\p3s\src\main\java\com\bcs\p3s\docs\email\template\package-info.java
C:\MERIN\Documents\PatentPlace\P3S local repo\bcs_p3s_repo_final_final\p3s\src\main\java\com\bcs\p3s\docs\EmailProcessingEngine.java
C:\MERIN\Documents\PatentPlace\P3S local repo\bcs_p3s_repo_final_final\p3s\src\main\java\com\bcs\p3s\docs\htmldoc\HtmlDocInvoiceTypeEnum.java
C:\MERIN\Documents\PatentPlace\P3S local repo\bcs_p3s_repo_final_final\p3s\src\main\java\com\bcs\p3s\docs\htmldoc\HtmlDocService.java
C:\MERIN\Documents\PatentPlace\P3S local repo\bcs_p3s_repo_final_final\p3s\src\main\java\com\bcs\p3s\docs\htmldoc\HtmlDocServiceImpl.java
C:\MERIN\Documents\PatentPlace\P3S local repo\bcs_p3s_repo_final_final\p3s\src\main\java\com\bcs\p3s\docs\htmldoc\model\AbstractInvoice.java
C:\MERIN\Documents\PatentPlace\P3S local repo\bcs_p3s_repo_final_final\p3s\src\main\java\com\bcs\p3s\docs\htmldoc\model\HtmlDocCertificate.java
C:\MERIN\Documents\PatentPlace\P3S local repo\bcs_p3s_repo_final_final\p3s\src\main\java\com\bcs\p3s\docs\htmldoc\model\package-info.java
C:\MERIN\Documents\PatentPlace\P3S local repo\bcs_p3s_repo_final_final\p3s\src\main\java\com\bcs\p3s\docs\htmldoc\model\Patent4htmlDoc.java
C:\MERIN\Documents\PatentPlace\P3S local repo\bcs_p3s_repo_final_final\p3s\src\main\java\com\bcs\p3s\docs\htmldoc\model\PenaltyInvoice.java
C:\MERIN\Documents\PatentPlace\P3S local repo\bcs_p3s_repo_final_final\p3s\src\main\java\com\bcs\p3s\docs\htmldoc\model\PostalAddressAndHyperlink.java
C:\MERIN\Documents\PatentPlace\P3S local repo\bcs_p3s_repo_final_final\p3s\src\main\java\com\bcs\p3s\docs\htmldoc\model\ProformaInvoice.java
C:\MERIN\Documents\PatentPlace\P3S local repo\bcs_p3s_repo_final_final\p3s\src\main\java\com\bcs\p3s\docs\htmldoc\package-info.java
C:\MERIN\Documents\PatentPlace\P3S local repo\bcs_p3s_repo_final_final\p3s\src\main\java\com\bcs\p3s\docs\InvoiceProcessingEngine.java
C:\MERIN\Documents\PatentPlace\P3S local repo\bcs_p3s_repo_final_final\p3s\src\main\java\com\bcs\p3s\docs\package-info.java
C:\MERIN\Documents\PatentPlace\P3S local repo\bcs_p3s_repo_final_final\p3s\src\main\java\com\bcs\p3s\docs\PDFGenerators.java
C:\MERIN\Documents\PatentPlace\P3S local repo\bcs_p3s_repo_final_final\p3s\src\main\java\com\bcs\p3s\engine\CommitToRenewalEngine.java
C:\MERIN\Documents\PatentPlace\P3S local repo\bcs_p3s_repo_final_final\p3s\src\main\java\com\bcs\p3s\engine\CostAnalysisDataEngine.java
C:\MERIN\Documents\PatentPlace\P3S local repo\bcs_p3s_repo_final_final\p3s\src\main\java\com\bcs\p3s\engine\ExtractSubmittedDataEngine.java
C:\MERIN\Documents\PatentPlace\P3S local repo\bcs_p3s_repo_final_final\p3s\src\main\java\com\bcs\p3s\engine\GenericProcessingEngine.java
C:\MERIN\Documents\PatentPlace\P3S local repo\bcs_p3s_repo_final_final\p3s\src\main\java\com\bcs\p3s\engine\OrderProcessingEngine.java
C:\MERIN\Documents\PatentPlace\P3S local repo\bcs_p3s_repo_final_final\p3s\src\main\java\com\bcs\p3s\engine\package-info.java
C:\MERIN\Documents\PatentPlace\P3S local repo\bcs_p3s_repo_final_final\p3s\src\main\java\com\bcs\p3s\engine\PatentStatus.java
C:\MERIN\Documents\PatentPlace\P3S local repo\bcs_p3s_repo_final_final\p3s\src\main\java\com\bcs\p3s\engine\PatentStatusEngine.java
C:\MERIN\Documents\PatentPlace\P3S local repo\bcs_p3s_repo_final_final\p3s\src\main\java\com\bcs\p3s\engine\PaymentProcessingEngine.java
C:\MERIN\Documents\PatentPlace\P3S local repo\bcs_p3s_repo_final_final\p3s\src\main\java\com\bcs\p3s\engine\PaymentTimingEngine.java
C:\MERIN\Documents\PatentPlace\P3S local repo\bcs_p3s_repo_final_final\p3s\src\main\java\com\bcs\p3s\engine\PostLoginDataEngine.java
C:\MERIN\Documents\PatentPlace\P3S local repo\bcs_p3s_repo_final_final\p3s\src\main\java\com\bcs\p3s\engine\PricingEngine.java
C:\MERIN\Documents\PatentPlace\P3S local repo\bcs_p3s_repo_final_final\p3s\src\main\java\com\bcs\p3s\engine\RenewalDatesEngine.java
C:\MERIN\Documents\PatentPlace\P3S local repo\bcs_p3s_repo_final_final\p3s\src\main\java\com\bcs\p3s\engine\TemporaryProcessingEngine.java
C:\MERIN\Documents\PatentPlace\P3S local repo\bcs_p3s_repo_final_final\p3s\src\main\java\com\bcs\p3s\enump3s\InvoiceStatusEnum.java
C:\MERIN\Documents\PatentPlace\P3S local repo\bcs_p3s_repo_final_final\p3s\src\main\java\com\bcs\p3s\enump3s\InvoiceTypeEnum.java
C:\MERIN\Documents\PatentPlace\P3S local repo\bcs_p3s_repo_final_final\p3s\src\main\java\com\bcs\p3s\enump3s\McFailCodeEnum.java
C:\MERIN\Documents\PatentPlace\P3S local repo\bcs_p3s_repo_final_final\p3s\src\main\java\com\bcs\p3s\enump3s\NotificationNameEnum.java
C:\MERIN\Documents\PatentPlace\P3S local repo\bcs_p3s_repo_final_final\p3s\src\main\java\com\bcs\p3s\enump3s\P3SAbstractEnum.java
C:\MERIN\Documents\PatentPlace\P3S local repo\bcs_p3s_repo_final_final\p3s\src\main\java\com\bcs\p3s\enump3s\P3SEnumException.java
C:\MERIN\Documents\PatentPlace\P3S local repo\bcs_p3s_repo_final_final\p3s\src\main\java\com\bcs\p3s\enump3s\PaymentStatusEnum.java
C:\MERIN\Documents\PatentPlace\P3S local repo\bcs_p3s_repo_final_final\p3s\src\main\java\com\bcs\p3s\enump3s\PaymentTypeEnum.java
C:\MERIN\Documents\PatentPlace\P3S local repo\bcs_p3s_repo_final_final\p3s\src\main\java\com\bcs\p3s\enump3s\RenewalColourEnum.java
C:\MERIN\Documents\PatentPlace\P3S local repo\bcs_p3s_repo_final_final\p3s\src\main\java\com\bcs\p3s\enump3s\RenewalStatusEnum.java
C:\MERIN\Documents\PatentPlace\P3S local repo\bcs_p3s_repo_final_final\p3s\src\main\java\com\bcs\p3s\enump3s\ThrottleStatusEnum.java
C:\MERIN\Documents\PatentPlace\P3S local repo\bcs_p3s_repo_final_final\p3s\src\main\java\com\bcs\p3s\enump3s\UserStatusEnum.java
C:\MERIN\Documents\PatentPlace\P3S local repo\bcs_p3s_repo_final_final\p3s\src\main\java\com\bcs\p3s\model\ArchivedRate.java
C:\MERIN\Documents\PatentPlace\P3S local repo\bcs_p3s_repo_final_final\p3s\src\main\java\com\bcs\p3s\model\ArchivedRate_Roo_Configurable.aj
C:\MERIN\Documents\PatentPlace\P3S local repo\bcs_p3s_repo_final_final\p3s\src\main\java\com\bcs\p3s\model\ArchivedRate_Roo_JavaBean.aj
C:\MERIN\Documents\PatentPlace\P3S local repo\bcs_p3s_repo_final_final\p3s\src\main\java\com\bcs\p3s\model\ArchivedRate_Roo_Jpa_ActiveRecord.aj
C:\MERIN\Documents\PatentPlace\P3S local repo\bcs_p3s_repo_final_final\p3s\src\main\java\com\bcs\p3s\model\ArchivedRate_Roo_Jpa_Entity.aj
C:\MERIN\Documents\PatentPlace\P3S local repo\bcs_p3s_repo_final_final\p3s\src\main\java\com\bcs\p3s\model\ArchivedRate_Roo_ToString.aj
C:\MERIN\Documents\PatentPlace\P3S local repo\bcs_p3s_repo_final_final\p3s\src\main\java\com\bcs\p3s\model\Business.java
C:\MERIN\Documents\PatentPlace\P3S local repo\bcs_p3s_repo_final_final\p3s\src\main\java\com\bcs\p3s\model\Business_Roo_Configurable.aj
C:\MERIN\Documents\PatentPlace\P3S local repo\bcs_p3s_repo_final_final\p3s\src\main\java\com\bcs\p3s\model\Business_Roo_Finder.aj
C:\MERIN\Documents\PatentPlace\P3S local repo\bcs_p3s_repo_final_final\p3s\src\main\java\com\bcs\p3s\model\Business_Roo_JavaBean.aj
C:\MERIN\Documents\PatentPlace\P3S local repo\bcs_p3s_repo_final_final\p3s\src\main\java\com\bcs\p3s\model\Business_Roo_Jpa_ActiveRecord.aj
C:\MERIN\Documents\PatentPlace\P3S local repo\bcs_p3s_repo_final_final\p3s\src\main\java\com\bcs\p3s\model\Business_Roo_Jpa_Entity.aj
C:\MERIN\Documents\PatentPlace\P3S local repo\bcs_p3s_repo_final_final\p3s\src\main\java\com\bcs\p3s\model\Business_Roo_ToString.aj
C:\MERIN\Documents\PatentPlace\P3S local repo\bcs_p3s_repo_final_final\p3s\src\main\java\com\bcs\p3s\model\CalendarColour.java
C:\MERIN\Documents\PatentPlace\P3S local repo\bcs_p3s_repo_final_final\p3s\src\main\java\com\bcs\p3s\model\CalendarColour_Roo_Configurable.aj
C:\MERIN\Documents\PatentPlace\P3S local repo\bcs_p3s_repo_final_final\p3s\src\main\java\com\bcs\p3s\model\CalendarColour_Roo_Finder.aj
C:\MERIN\Documents\PatentPlace\P3S local repo\bcs_p3s_repo_final_final\p3s\src\main\java\com\bcs\p3s\model\CalendarColour_Roo_JavaBean.aj
C:\MERIN\Documents\PatentPlace\P3S local repo\bcs_p3s_repo_final_final\p3s\src\main\java\com\bcs\p3s\model\CalendarColour_Roo_Jpa_ActiveRecord.aj
C:\MERIN\Documents\PatentPlace\P3S local repo\bcs_p3s_repo_final_final\p3s\src\main\java\com\bcs\p3s\model\CalendarColour_Roo_Jpa_Entity.aj
C:\MERIN\Documents\PatentPlace\P3S local repo\bcs_p3s_repo_final_final\p3s\src\main\java\com\bcs\p3s\model\CalendarColour_Roo_ToString.aj
C:\MERIN\Documents\PatentPlace\P3S local repo\bcs_p3s_repo_final_final\p3s\src\main\java\com\bcs\p3s\model\CalendarDate.java
C:\MERIN\Documents\PatentPlace\P3S local repo\bcs_p3s_repo_final_final\p3s\src\main\java\com\bcs\p3s\model\CalendarDate_Roo_Configurable.aj
C:\MERIN\Documents\PatentPlace\P3S local repo\bcs_p3s_repo_final_final\p3s\src\main\java\com\bcs\p3s\model\CalendarDate_Roo_Finder.aj
C:\MERIN\Documents\PatentPlace\P3S local repo\bcs_p3s_repo_final_final\p3s\src\main\java\com\bcs\p3s\model\CalendarDate_Roo_JavaBean.aj
C:\MERIN\Documents\PatentPlace\P3S local repo\bcs_p3s_repo_final_final\p3s\src\main\java\com\bcs\p3s\model\CalendarDate_Roo_Jpa_ActiveRecord.aj
C:\MERIN\Documents\PatentPlace\P3S local repo\bcs_p3s_repo_final_final\p3s\src\main\java\com\bcs\p3s\model\CalendarDate_Roo_Jpa_Entity.aj
C:\MERIN\Documents\PatentPlace\P3S local repo\bcs_p3s_repo_final_final\p3s\src\main\java\com\bcs\p3s\model\CalendarDate_Roo_ToString.aj
C:\MERIN\Documents\PatentPlace\P3S local repo\bcs_p3s_repo_final_final\p3s\src\main\java\com\bcs\p3s\model\Certificate.java
C:\MERIN\Documents\PatentPlace\P3S local repo\bcs_p3s_repo_final_final\p3s\src\main\java\com\bcs\p3s\model\Certificate_Roo_Configurable.aj
C:\MERIN\Documents\PatentPlace\P3S local repo\bcs_p3s_repo_final_final\p3s\src\main\java\com\bcs\p3s\model\Certificate_Roo_JavaBean.aj
C:\MERIN\Documents\PatentPlace\P3S local repo\bcs_p3s_repo_final_final\p3s\src\main\java\com\bcs\p3s\model\Certificate_Roo_Jpa_ActiveRecord.aj
C:\MERIN\Documents\PatentPlace\P3S local repo\bcs_p3s_repo_final_final\p3s\src\main\java\com\bcs\p3s\model\Certificate_Roo_Jpa_Entity.aj
C:\MERIN\Documents\PatentPlace\P3S local repo\bcs_p3s_repo_final_final\p3s\src\main\java\com\bcs\p3s\model\Certificate_Roo_ToString.aj
C:\MERIN\Documents\PatentPlace\P3S local repo\bcs_p3s_repo_final_final\p3s\src\main\java\com\bcs\p3s\model\DiscountPercent.java
C:\MERIN\Documents\PatentPlace\P3S local repo\bcs_p3s_repo_final_final\p3s\src\main\java\com\bcs\p3s\model\DiscountPercent_Roo_Configurable.aj
C:\MERIN\Documents\PatentPlace\P3S local repo\bcs_p3s_repo_final_final\p3s\src\main\java\com\bcs\p3s\model\DiscountPercent_Roo_Finder.aj
C:\MERIN\Documents\PatentPlace\P3S local repo\bcs_p3s_repo_final_final\p3s\src\main\java\com\bcs\p3s\model\DiscountPercent_Roo_JavaBean.aj
C:\MERIN\Documents\PatentPlace\P3S local repo\bcs_p3s_repo_final_final\p3s\src\main\java\com\bcs\p3s\model\DiscountPercent_Roo_Jpa_ActiveRecord.aj
C:\MERIN\Documents\PatentPlace\P3S local repo\bcs_p3s_repo_final_final\p3s\src\main\java\com\bcs\p3s\model\DiscountPercent_Roo_Jpa_Entity.aj
C:\MERIN\Documents\PatentPlace\P3S local repo\bcs_p3s_repo_final_final\p3s\src\main\java\com\bcs\p3s\model\DiscountPercent_Roo_ToString.aj
C:\MERIN\Documents\PatentPlace\P3S local repo\bcs_p3s_repo_final_final\p3s\src\main\java\com\bcs\p3s\model\EpoFee.java
C:\MERIN\Documents\PatentPlace\P3S local repo\bcs_p3s_repo_final_final\p3s\src\main\java\com\bcs\p3s\model\EpoFee_Roo_Configurable.aj
C:\MERIN\Documents\PatentPlace\P3S local repo\bcs_p3s_repo_final_final\p3s\src\main\java\com\bcs\p3s\model\EpoFee_Roo_JavaBean.aj
C:\MERIN\Documents\PatentPlace\P3S local repo\bcs_p3s_repo_final_final\p3s\src\main\java\com\bcs\p3s\model\EpoFee_Roo_Jpa_ActiveRecord.aj
C:\MERIN\Documents\PatentPlace\P3S local repo\bcs_p3s_repo_final_final\p3s\src\main\java\com\bcs\p3s\model\EpoFee_Roo_Jpa_Entity.aj
C:\MERIN\Documents\PatentPlace\P3S local repo\bcs_p3s_repo_final_final\p3s\src\main\java\com\bcs\p3s\model\EpoFee_Roo_ToString.aj
C:\MERIN\Documents\PatentPlace\P3S local repo\bcs_p3s_repo_final_final\p3s\src\main\java\com\bcs\p3s\model\Fee.java
C:\MERIN\Documents\PatentPlace\P3S local repo\bcs_p3s_repo_final_final\p3s\src\main\java\com\bcs\p3s\model\Fee_Roo_Configurable.aj
C:\MERIN\Documents\PatentPlace\P3S local repo\bcs_p3s_repo_final_final\p3s\src\main\java\com\bcs\p3s\model\Fee_Roo_Finder.aj
C:\MERIN\Documents\PatentPlace\P3S local repo\bcs_p3s_repo_final_final\p3s\src\main\java\com\bcs\p3s\model\Fee_Roo_JavaBean.aj
C:\MERIN\Documents\PatentPlace\P3S local repo\bcs_p3s_repo_final_final\p3s\src\main\java\com\bcs\p3s\model\Fee_Roo_Jpa_ActiveRecord.aj
C:\MERIN\Documents\PatentPlace\P3S local repo\bcs_p3s_repo_final_final\p3s\src\main\java\com\bcs\p3s\model\Fee_Roo_Jpa_Entity.aj
C:\MERIN\Documents\PatentPlace\P3S local repo\bcs_p3s_repo_final_final\p3s\src\main\java\com\bcs\p3s\model\Fee_Roo_ToString.aj
C:\MERIN\Documents\PatentPlace\P3S local repo\bcs_p3s_repo_final_final\p3s\src\main\java\com\bcs\p3s\model\GlobalVariableSole.java
C:\MERIN\Documents\PatentPlace\P3S local repo\bcs_p3s_repo_final_final\p3s\src\main\java\com\bcs\p3s\model\GlobalVariableSole_Roo_Configurable.aj
C:\MERIN\Documents\PatentPlace\P3S local repo\bcs_p3s_repo_final_final\p3s\src\main\java\com\bcs\p3s\model\GlobalVariableSole_Roo_JavaBean.aj
C:\MERIN\Documents\PatentPlace\P3S local repo\bcs_p3s_repo_final_final\p3s\src\main\java\com\bcs\p3s\model\GlobalVariableSole_Roo_Jpa_ActiveRecord.aj
C:\MERIN\Documents\PatentPlace\P3S local repo\bcs_p3s_repo_final_final\p3s\src\main\java\com\bcs\p3s\model\GlobalVariableSole_Roo_Jpa_Entity.aj
C:\MERIN\Documents\PatentPlace\P3S local repo\bcs_p3s_repo_final_final\p3s\src\main\java\com\bcs\p3s\model\GlobalVariableSole_Roo_ToString.aj
C:\MERIN\Documents\PatentPlace\P3S local repo\bcs_p3s_repo_final_final\p3s\src\main\java\com\bcs\p3s\model\Invoice.java
C:\MERIN\Documents\PatentPlace\P3S local repo\bcs_p3s_repo_final_final\p3s\src\main\java\com\bcs\p3s\model\Invoice_Roo_Configurable.aj
C:\MERIN\Documents\PatentPlace\P3S local repo\bcs_p3s_repo_final_final\p3s\src\main\java\com\bcs\p3s\model\Invoice_Roo_Finder.aj
C:\MERIN\Documents\PatentPlace\P3S local repo\bcs_p3s_repo_final_final\p3s\src\main\java\com\bcs\p3s\model\Invoice_Roo_JavaBean.aj
C:\MERIN\Documents\PatentPlace\P3S local repo\bcs_p3s_repo_final_final\p3s\src\main\java\com\bcs\p3s\model\Invoice_Roo_Jpa_ActiveRecord.aj
C:\MERIN\Documents\PatentPlace\P3S local repo\bcs_p3s_repo_final_final\p3s\src\main\java\com\bcs\p3s\model\Invoice_Roo_Jpa_Entity.aj
C:\MERIN\Documents\PatentPlace\P3S local repo\bcs_p3s_repo_final_final\p3s\src\main\java\com\bcs\p3s\model\Invoice_Roo_ToString.aj
C:\MERIN\Documents\PatentPlace\P3S local repo\bcs_p3s_repo_final_final\p3s\src\main\java\com\bcs\p3s\model\LoginMessage.java
C:\MERIN\Documents\PatentPlace\P3S local repo\bcs_p3s_repo_final_final\p3s\src\main\java\com\bcs\p3s\model\LoginMessage_Roo_Configurable.aj
C:\MERIN\Documents\PatentPlace\P3S local repo\bcs_p3s_repo_final_final\p3s\src\main\java\com\bcs\p3s\model\LoginMessage_Roo_JavaBean.aj
C:\MERIN\Documents\PatentPlace\P3S local repo\bcs_p3s_repo_final_final\p3s\src\main\java\com\bcs\p3s\model\LoginMessage_Roo_Jpa_ActiveRecord.aj
C:\MERIN\Documents\PatentPlace\P3S local repo\bcs_p3s_repo_final_final\p3s\src\main\java\com\bcs\p3s\model\LoginMessage_Roo_Jpa_Entity.aj
C:\MERIN\Documents\PatentPlace\P3S local repo\bcs_p3s_repo_final_final\p3s\src\main\java\com\bcs\p3s\model\LoginMessage_Roo_ToString.aj
C:\MERIN\Documents\PatentPlace\P3S local repo\bcs_p3s_repo_final_final\p3s\src\main\java\com\bcs\p3s\model\Notification.java
C:\MERIN\Documents\PatentPlace\P3S local repo\bcs_p3s_repo_final_final\p3s\src\main\java\com\bcs\p3s\model\NotificationMapping.java
C:\MERIN\Documents\PatentPlace\P3S local repo\bcs_p3s_repo_final_final\p3s\src\main\java\com\bcs\p3s\model\NotificationMapping_Roo_Configurable.aj
C:\MERIN\Documents\PatentPlace\P3S local repo\bcs_p3s_repo_final_final\p3s\src\main\java\com\bcs\p3s\model\NotificationMapping_Roo_Finder.aj
C:\MERIN\Documents\PatentPlace\P3S local repo\bcs_p3s_repo_final_final\p3s\src\main\java\com\bcs\p3s\model\NotificationMapping_Roo_JavaBean.aj
C:\MERIN\Documents\PatentPlace\P3S local repo\bcs_p3s_repo_final_final\p3s\src\main\java\com\bcs\p3s\model\NotificationMapping_Roo_Jpa_ActiveRecord.aj
C:\MERIN\Documents\PatentPlace\P3S local repo\bcs_p3s_repo_final_final\p3s\src\main\java\com\bcs\p3s\model\NotificationMapping_Roo_Jpa_Entity.aj
C:\MERIN\Documents\PatentPlace\P3S local repo\bcs_p3s_repo_final_final\p3s\src\main\java\com\bcs\p3s\model\NotificationMapping_Roo_ToString.aj
C:\MERIN\Documents\PatentPlace\P3S local repo\bcs_p3s_repo_final_final\p3s\src\main\java\com\bcs\p3s\model\Notification_Roo_Configurable.aj
C:\MERIN\Documents\PatentPlace\P3S local repo\bcs_p3s_repo_final_final\p3s\src\main\java\com\bcs\p3s\model\Notification_Roo_Finder.aj
C:\MERIN\Documents\PatentPlace\P3S local repo\bcs_p3s_repo_final_final\p3s\src\main\java\com\bcs\p3s\model\Notification_Roo_JavaBean.aj
C:\MERIN\Documents\PatentPlace\P3S local repo\bcs_p3s_repo_final_final\p3s\src\main\java\com\bcs\p3s\model\Notification_Roo_Jpa_ActiveRecord.aj
C:\MERIN\Documents\PatentPlace\P3S local repo\bcs_p3s_repo_final_final\p3s\src\main\java\com\bcs\p3s\model\Notification_Roo_Jpa_Entity.aj
C:\MERIN\Documents\PatentPlace\P3S local repo\bcs_p3s_repo_final_final\p3s\src\main\java\com\bcs\p3s\model\Notification_Roo_ToString.aj
C:\MERIN\Documents\PatentPlace\P3S local repo\bcs_p3s_repo_final_final\p3s\src\main\java\com\bcs\p3s\model\P3SFeeSole.java
C:\MERIN\Documents\PatentPlace\P3S local repo\bcs_p3s_repo_final_final\p3s\src\main\java\com\bcs\p3s\model\P3SFeeSole_Roo_Configurable.aj
C:\MERIN\Documents\PatentPlace\P3S local repo\bcs_p3s_repo_final_final\p3s\src\main\java\com\bcs\p3s\model\P3SFeeSole_Roo_JavaBean.aj
C:\MERIN\Documents\PatentPlace\P3S local repo\bcs_p3s_repo_final_final\p3s\src\main\java\com\bcs\p3s\model\P3SFeeSole_Roo_Jpa_ActiveRecord.aj
C:\MERIN\Documents\PatentPlace\P3S local repo\bcs_p3s_repo_final_final\p3s\src\main\java\com\bcs\p3s\model\P3SFeeSole_Roo_Jpa_Entity.aj
C:\MERIN\Documents\PatentPlace\P3S local repo\bcs_p3s_repo_final_final\p3s\src\main\java\com\bcs\p3s\model\P3SFeeSole_Roo_ToString.aj
C:\MERIN\Documents\PatentPlace\P3S local repo\bcs_p3s_repo_final_final\p3s\src\main\java\com\bcs\p3s\model\P3SUser.java
C:\MERIN\Documents\PatentPlace\P3S local repo\bcs_p3s_repo_final_final\p3s\src\main\java\com\bcs\p3s\model\P3SUser_Roo_Configurable.aj
C:\MERIN\Documents\PatentPlace\P3S local repo\bcs_p3s_repo_final_final\p3s\src\main\java\com\bcs\p3s\model\P3SUser_Roo_Finder.aj
C:\MERIN\Documents\PatentPlace\P3S local repo\bcs_p3s_repo_final_final\p3s\src\main\java\com\bcs\p3s\model\P3SUser_Roo_JavaBean.aj
C:\MERIN\Documents\PatentPlace\P3S local repo\bcs_p3s_repo_final_final\p3s\src\main\java\com\bcs\p3s\model\P3SUser_Roo_Jpa_ActiveRecord.aj
C:\MERIN\Documents\PatentPlace\P3S local repo\bcs_p3s_repo_final_final\p3s\src\main\java\com\bcs\p3s\model\P3SUser_Roo_Jpa_Entity.aj
C:\MERIN\Documents\PatentPlace\P3S local repo\bcs_p3s_repo_final_final\p3s\src\main\java\com\bcs\p3s\model\P3SUser_Roo_ToString.aj
C:\MERIN\Documents\PatentPlace\P3S local repo\bcs_p3s_repo_final_final\p3s\src\main\java\com\bcs\p3s\model\Patent.java
C:\MERIN\Documents\PatentPlace\P3S local repo\bcs_p3s_repo_final_final\p3s\src\main\java\com\bcs\p3s\model\PatentStatusNoRenewalNeeded.java
C:\MERIN\Documents\PatentPlace\P3S local repo\bcs_p3s_repo_final_final\p3s\src\main\java\com\bcs\p3s\model\PatentStatusNoRenewalNeeded_Roo_Configurable.aj
C:\MERIN\Documents\PatentPlace\P3S local repo\bcs_p3s_repo_final_final\p3s\src\main\java\com\bcs\p3s\model\PatentStatusNoRenewalNeeded_Roo_Finder.aj
C:\MERIN\Documents\PatentPlace\P3S local repo\bcs_p3s_repo_final_final\p3s\src\main\java\com\bcs\p3s\model\PatentStatusNoRenewalNeeded_Roo_JavaBean.aj
C:\MERIN\Documents\PatentPlace\P3S local repo\bcs_p3s_repo_final_final\p3s\src\main\java\com\bcs\p3s\model\PatentStatusNoRenewalNeeded_Roo_Jpa_ActiveRecord.aj
C:\MERIN\Documents\PatentPlace\P3S local repo\bcs_p3s_repo_final_final\p3s\src\main\java\com\bcs\p3s\model\PatentStatusNoRenewalNeeded_Roo_Jpa_Entity.aj
C:\MERIN\Documents\PatentPlace\P3S local repo\bcs_p3s_repo_final_final\p3s\src\main\java\com\bcs\p3s\model\PatentStatusNoRenewalNeeded_Roo_ToString.aj
C:\MERIN\Documents\PatentPlace\P3S local repo\bcs_p3s_repo_final_final\p3s\src\main\java\com\bcs\p3s\model\Patent_Roo_Configurable.aj
C:\MERIN\Documents\PatentPlace\P3S local repo\bcs_p3s_repo_final_final\p3s\src\main\java\com\bcs\p3s\model\Patent_Roo_Finder.aj
C:\MERIN\Documents\PatentPlace\P3S local repo\bcs_p3s_repo_final_final\p3s\src\main\java\com\bcs\p3s\model\Patent_Roo_JavaBean.aj
C:\MERIN\Documents\PatentPlace\P3S local repo\bcs_p3s_repo_final_final\p3s\src\main\java\com\bcs\p3s\model\Patent_Roo_Jpa_ActiveRecord.aj
C:\MERIN\Documents\PatentPlace\P3S local repo\bcs_p3s_repo_final_final\p3s\src\main\java\com\bcs\p3s\model\Patent_Roo_Jpa_Entity.aj
C:\MERIN\Documents\PatentPlace\P3S local repo\bcs_p3s_repo_final_final\p3s\src\main\java\com\bcs\p3s\model\Patent_Roo_ToString.aj
C:\MERIN\Documents\PatentPlace\P3S local repo\bcs_p3s_repo_final_final\p3s\src\main\java\com\bcs\p3s\model\Payment.java
C:\MERIN\Documents\PatentPlace\P3S local repo\bcs_p3s_repo_final_final\p3s\src\main\java\com\bcs\p3s\model\Payment_Roo_Configurable.aj
C:\MERIN\Documents\PatentPlace\P3S local repo\bcs_p3s_repo_final_final\p3s\src\main\java\com\bcs\p3s\model\Payment_Roo_Finder.aj
C:\MERIN\Documents\PatentPlace\P3S local repo\bcs_p3s_repo_final_final\p3s\src\main\java\com\bcs\p3s\model\Payment_Roo_JavaBean.aj
C:\MERIN\Documents\PatentPlace\P3S local repo\bcs_p3s_repo_final_final\p3s\src\main\java\com\bcs\p3s\model\Payment_Roo_Jpa_ActiveRecord.aj
C:\MERIN\Documents\PatentPlace\P3S local repo\bcs_p3s_repo_final_final\p3s\src\main\java\com\bcs\p3s\model\Payment_Roo_Jpa_Entity.aj
C:\MERIN\Documents\PatentPlace\P3S local repo\bcs_p3s_repo_final_final\p3s\src\main\java\com\bcs\p3s\model\Payment_Roo_ToString.aj
C:\MERIN\Documents\PatentPlace\P3S local repo\bcs_p3s_repo_final_final\p3s\src\main\java\com\bcs\p3s\model\Renewal.java
C:\MERIN\Documents\PatentPlace\P3S local repo\bcs_p3s_repo_final_final\p3s\src\main\java\com\bcs\p3s\model\Renewal_Roo_Configurable.aj
C:\MERIN\Documents\PatentPlace\P3S local repo\bcs_p3s_repo_final_final\p3s\src\main\java\com\bcs\p3s\model\Renewal_Roo_Finder.aj
C:\MERIN\Documents\PatentPlace\P3S local repo\bcs_p3s_repo_final_final\p3s\src\main\java\com\bcs\p3s\model\Renewal_Roo_JavaBean.aj
C:\MERIN\Documents\PatentPlace\P3S local repo\bcs_p3s_repo_final_final\p3s\src\main\java\com\bcs\p3s\model\Renewal_Roo_Jpa_ActiveRecord.aj
C:\MERIN\Documents\PatentPlace\P3S local repo\bcs_p3s_repo_final_final\p3s\src\main\java\com\bcs\p3s\model\Renewal_Roo_Jpa_Entity.aj
C:\MERIN\Documents\PatentPlace\P3S local repo\bcs_p3s_repo_final_final\p3s\src\main\java\com\bcs\p3s\model\Renewal_Roo_ToString.aj
C:\MERIN\Documents\PatentPlace\P3S local repo\bcs_p3s_repo_final_final\p3s\src\main\java\com\bcs\p3s\scrape\digesters\DigesterElements.java
C:\MERIN\Documents\PatentPlace\P3S local repo\bcs_p3s_repo_final_final\p3s\src\main\java\com\bcs\p3s\scrape\digesters\package-info.java
C:\MERIN\Documents\PatentPlace\P3S local repo\bcs_p3s_repo_final_final\p3s\src\main\java\com\bcs\p3s\scrape\digesters\ReadAgent.java
C:\MERIN\Documents\PatentPlace\P3S local repo\bcs_p3s_repo_final_final\p3s\src\main\java\com\bcs\p3s\scrape\digesters\ReadApplicant.java
C:\MERIN\Documents\PatentPlace\P3S local repo\bcs_p3s_repo_final_final\p3s\src\main\java\com\bcs\p3s\scrape\digesters\ReadIPC.java
C:\MERIN\Documents\PatentPlace\P3S local repo\bcs_p3s_repo_final_final\p3s\src\main\java\com\bcs\p3s\scrape\digesters\ReadRenewalInfo.java
C:\MERIN\Documents\PatentPlace\P3S local repo\bcs_p3s_repo_final_final\p3s\src\main\java\com\bcs\p3s\scrape\digesters\RecordDetails.java
C:\MERIN\Documents\PatentPlace\P3S local repo\bcs_p3s_repo_final_final\p3s\src\main\java\com\bcs\p3s\scrape\digesters\Response.java
C:\MERIN\Documents\PatentPlace\P3S local repo\bcs_p3s_repo_final_final\p3s\src\main\java\com\bcs\p3s\scrape\model\Agent.java
C:\MERIN\Documents\PatentPlace\P3S local repo\bcs_p3s_repo_final_final\p3s\src\main\java\com\bcs\p3s\scrape\model\Applicants.java
C:\MERIN\Documents\PatentPlace\P3S local repo\bcs_p3s_repo_final_final\p3s\src\main\java\com\bcs\p3s\scrape\model\ApplicationData.java
C:\MERIN\Documents\PatentPlace\P3S local repo\bcs_p3s_repo_final_final\p3s\src\main\java\com\bcs\p3s\scrape\model\Events.java
C:\MERIN\Documents\PatentPlace\P3S local repo\bcs_p3s_repo_final_final\p3s\src\main\java\com\bcs\p3s\scrape\model\IPClassification.java
C:\MERIN\Documents\PatentPlace\P3S local repo\bcs_p3s_repo_final_final\p3s\src\main\java\com\bcs\p3s\scrape\model\package-info.java
C:\MERIN\Documents\PatentPlace\P3S local repo\bcs_p3s_repo_final_final\p3s\src\main\java\com\bcs\p3s\scrape\model\PublicationData.java
C:\MERIN\Documents\PatentPlace\P3S local repo\bcs_p3s_repo_final_final\p3s\src\main\java\com\bcs\p3s\scrape\model\Record.java
C:\MERIN\Documents\PatentPlace\P3S local repo\bcs_p3s_repo_final_final\p3s\src\main\java\com\bcs\p3s\scrape\model\ResponseHeaderPojo.java
C:\MERIN\Documents\PatentPlace\P3S local repo\bcs_p3s_repo_final_final\p3s\src\main\java\com\bcs\p3s\scrape\service\EPOAccess.java
C:\MERIN\Documents\PatentPlace\P3S local repo\bcs_p3s_repo_final_final\p3s\src\main\java\com\bcs\p3s\scrape\service\EPOAccessImpl.java
C:\MERIN\Documents\PatentPlace\P3S local repo\bcs_p3s_repo_final_final\p3s\src\main\java\com\bcs\p3s\security\package-info.java
C:\MERIN\Documents\PatentPlace\P3S local repo\bcs_p3s_repo_final_final\p3s\src\main\java\com\bcs\p3s\security\SecurityUtil.java
C:\MERIN\Documents\PatentPlace\P3S local repo\bcs_p3s_repo_final_final\p3s\src\main\java\com\bcs\p3s\security\SimpleUrlAuthenticationSuccessHandler.java
C:\MERIN\Documents\PatentPlace\P3S local repo\bcs_p3s_repo_final_final\p3s\src\main\java\com\bcs\p3s\service\MiscService.java
C:\MERIN\Documents\PatentPlace\P3S local repo\bcs_p3s_repo_final_final\p3s\src\main\java\com\bcs\p3s\service\MiscServiceImpl.java
C:\MERIN\Documents\PatentPlace\P3S local repo\bcs_p3s_repo_final_final\p3s\src\main\java\com\bcs\p3s\service\PatentService.java
C:\MERIN\Documents\PatentPlace\P3S local repo\bcs_p3s_repo_final_final\p3s\src\main\java\com\bcs\p3s\service\PatentServiceImpl.java
C:\MERIN\Documents\PatentPlace\P3S local repo\bcs_p3s_repo_final_final\p3s\src\main\java\com\bcs\p3s\service\PaymentService.java
C:\MERIN\Documents\PatentPlace\P3S local repo\bcs_p3s_repo_final_final\p3s\src\main\java\com\bcs\p3s\service\PaymentServiceImpl.java
C:\MERIN\Documents\PatentPlace\P3S local repo\bcs_p3s_repo_final_final\p3s\src\main\java\com\bcs\p3s\service\ServiceAuthorisationTools.java
C:\MERIN\Documents\PatentPlace\P3S local repo\bcs_p3s_repo_final_final\p3s\src\main\java\com\bcs\p3s\service\TransactionService.java
C:\MERIN\Documents\PatentPlace\P3S local repo\bcs_p3s_repo_final_final\p3s\src\main\java\com\bcs\p3s\service\TransactionServiceImpl.java
C:\MERIN\Documents\PatentPlace\P3S local repo\bcs_p3s_repo_final_final\p3s\src\main\java\com\bcs\p3s\service\UserService.java
C:\MERIN\Documents\PatentPlace\P3S local repo\bcs_p3s_repo_final_final\p3s\src\main\java\com\bcs\p3s\service\UserServiceImpl.java
C:\MERIN\Documents\PatentPlace\P3S local repo\bcs_p3s_repo_final_final\p3s\src\main\java\com\bcs\p3s\session\PostLoginSessionBean.java
C:\MERIN\Documents\PatentPlace\P3S local repo\bcs_p3s_repo_final_final\p3s\src\main\java\com\bcs\p3s\session\PreLoginSessionBean.java
C:\MERIN\Documents\PatentPlace\P3S local repo\bcs_p3s_repo_final_final\p3s\src\main\java\com\bcs\p3s\sftp\model\Order.java
C:\MERIN\Documents\PatentPlace\P3S local repo\bcs_p3s_repo_final_final\p3s\src\main\java\com\bcs\p3s\sftp\model\package-info.java
C:\MERIN\Documents\PatentPlace\P3S local repo\bcs_p3s_repo_final_final\p3s\src\main\java\com\bcs\p3s\sftp\service\MoneycorpSftpAccess.java
C:\MERIN\Documents\PatentPlace\P3S local repo\bcs_p3s_repo_final_final\p3s\src\main\java\com\bcs\p3s\sftp\service\MoneycorpSftpAccessImpl.java
C:\MERIN\Documents\PatentPlace\P3S local repo\bcs_p3s_repo_final_final\p3s\src\main\java\com\bcs\p3s\sftp\service\P3sSftpException.java
C:\MERIN\Documents\PatentPlace\P3S local repo\bcs_p3s_repo_final_final\p3s\src\main\java\com\bcs\p3s\sftp\service\package-info.java
C:\MERIN\Documents\PatentPlace\P3S local repo\bcs_p3s_repo_final_final\p3s\src\main\java\com\bcs\p3s\util\config\BuildinfoPropertyReader.java
C:\MERIN\Documents\PatentPlace\P3S local repo\bcs_p3s_repo_final_final\p3s\src\main\java\com\bcs\p3s\util\config\EnvironmentSpecificProperties.java
C:\MERIN\Documents\PatentPlace\P3S local repo\bcs_p3s_repo_final_final\p3s\src\main\java\com\bcs\p3s\util\config\P3SPropertyException.java
C:\MERIN\Documents\PatentPlace\P3S local repo\bcs_p3s_repo_final_final\p3s\src\main\java\com\bcs\p3s\util\config\P3SPropertyNames.java
C:\MERIN\Documents\PatentPlace\P3S local repo\bcs_p3s_repo_final_final\p3s\src\main\java\com\bcs\p3s\util\config\P3SPropertyReader.java
C:\MERIN\Documents\PatentPlace\P3S local repo\bcs_p3s_repo_final_final\p3s\src\main\java\com\bcs\p3s\util\config\package-info.java
C:\MERIN\Documents\PatentPlace\P3S local repo\bcs_p3s_repo_final_final\p3s\src\main\java\com\bcs\p3s\util\config\PEPropertyReader.java
C:\MERIN\Documents\PatentPlace\P3S local repo\bcs_p3s_repo_final_final\p3s\src\main\java\com\bcs\p3s\util\config\PropertyReader.java
C:\MERIN\Documents\PatentPlace\P3S local repo\bcs_p3s_repo_final_final\p3s\src\main\java\com\bcs\p3s\util\date\DateUtil.java
C:\MERIN\Documents\PatentPlace\P3S local repo\bcs_p3s_repo_final_final\p3s\src\main\java\com\bcs\p3s\util\date\package-info.java
C:\MERIN\Documents\PatentPlace\P3S local repo\bcs_p3s_repo_final_final\p3s\src\main\java\com\bcs\p3s\util\email\EmailSender.java
C:\MERIN\Documents\PatentPlace\P3S local repo\bcs_p3s_repo_final_final\p3s\src\main\java\com\bcs\p3s\util\email\package-info.java
C:\MERIN\Documents\PatentPlace\P3S local repo\bcs_p3s_repo_final_final\p3s\src\main\java\com\bcs\p3s\util\email\TmpEmailerDummy.java
C:\MERIN\Documents\PatentPlace\P3S local repo\bcs_p3s_repo_final_final\p3s\src\main\java\com\bcs\p3s\util\env\Hostname.java
C:\MERIN\Documents\PatentPlace\P3S local repo\bcs_p3s_repo_final_final\p3s\src\main\java\com\bcs\p3s\util\env\P3SEnvironmentKnowledge.java
C:\MERIN\Documents\PatentPlace\P3S local repo\bcs_p3s_repo_final_final\p3s\src\main\java\com\bcs\p3s\util\env\package-info.java
C:\MERIN\Documents\PatentPlace\P3S local repo\bcs_p3s_repo_final_final\p3s\src\main\java\com\bcs\p3s\util\lang\P3SException.java
C:\MERIN\Documents\PatentPlace\P3S local repo\bcs_p3s_repo_final_final\p3s\src\main\java\com\bcs\p3s\util\lang\P3SRuntimeException.java
C:\MERIN\Documents\PatentPlace\P3S local repo\bcs_p3s_repo_final_final\p3s\src\main\java\com\bcs\p3s\util\lang\package-info.java
C:\MERIN\Documents\PatentPlace\P3S local repo\bcs_p3s_repo_final_final\p3s\src\main\java\com\bcs\p3s\util\lang\Universal.java
C:\MERIN\Documents\PatentPlace\P3S local repo\bcs_p3s_repo_final_final\p3s\src\main\java\com\bcs\p3s\util\log\BcsLogger.java
C:\MERIN\Documents\PatentPlace\P3S local repo\bcs_p3s_repo_final_final\p3s\src\main\java\com\bcs\p3s\util\log\Loggable.java
C:\MERIN\Documents\PatentPlace\P3S local repo\bcs_p3s_repo_final_final\p3s\src\main\java\com\bcs\p3s\util\log\package-info.java
C:\MERIN\Documents\PatentPlace\P3S local repo\bcs_p3s_repo_final_final\p3s\src\main\java\com\bcs\p3s\util\os\package-info.java
C:\MERIN\Documents\PatentPlace\P3S local repo\bcs_p3s_repo_final_final\p3s\src\main\java\com\bcs\p3s\util\os\WhatsMyOS.java
C:\MERIN\Documents\PatentPlace\P3S local repo\bcs_p3s_repo_final_final\p3s\src\main\java\com\bcs\p3s\util\random\RandomGenerator.java
C:\MERIN\Documents\PatentPlace\P3S local repo\bcs_p3s_repo_final_final\p3s\src\main\java\com\bcs\p3s\util\random\Test.java
C:\MERIN\Documents\PatentPlace\P3S local repo\bcs_p3s_repo_final_final\p3s\src\main\java\com\bcs\p3s\util\scrape\OPSOAuthEngine.java
C:\MERIN\Documents\PatentPlace\P3S local repo\bcs_p3s_repo_final_final\p3s\src\main\java\com\bcs\p3s\util\scrape\OPSReader.java
C:\MERIN\Documents\PatentPlace\P3S local repo\bcs_p3s_repo_final_final\p3s\src\main\java\com\bcs\p3s\util\scrape\package-info.java
C:\MERIN\Documents\PatentPlace\P3S local repo\bcs_p3s_repo_final_final\p3s\src\main\java\com\bcs\p3s\util\scrape\ResponseHeaderReader.java
C:\MERIN\Documents\PatentPlace\P3S local repo\bcs_p3s_repo_final_final\p3s\src\main\java\com\bcs\p3s\util\scrape\ResponseHeaderReaderImpl.java
C:\MERIN\Documents\PatentPlace\P3S local repo\bcs_p3s_repo_final_final\p3s\src\main\java\com\bcs\p3s\util\scrape\ResponseHeaderReaderImpl_Roo_JavaBean.aj
C:\MERIN\Documents\PatentPlace\P3S local repo\bcs_p3s_repo_final_final\p3s\src\main\java\com\bcs\p3s\util\sftp\P3sSftp.java
C:\MERIN\Documents\PatentPlace\P3S local repo\bcs_p3s_repo_final_final\p3s\src\main\java\com\bcs\p3s\util\sftp\package-info.java
C:\MERIN\Documents\PatentPlace\P3S local repo\bcs_p3s_repo_final_final\p3s\src\main\java\com\bcs\p3s\wrap\BankTransferPaymentDetails.java
C:\MERIN\Documents\PatentPlace\P3S local repo\bcs_p3s_repo_final_final\p3s\src\main\java\com\bcs\p3s\wrap\BankTransferPostCommitDetails.java
C:\MERIN\Documents\PatentPlace\P3S local repo\bcs_p3s_repo_final_final\p3s\src\main\java\com\bcs\p3s\wrap\BankTransferPreCommitDetails.java
C:\MERIN\Documents\PatentPlace\P3S local repo\bcs_p3s_repo_final_final\p3s\src\main\java\com\bcs\p3s\wrap\BasketContents.java
C:\MERIN\Documents\PatentPlace\P3S local repo\bcs_p3s_repo_final_final\p3s\src\main\java\com\bcs\p3s\wrap\CombinedFee.java
C:\MERIN\Documents\PatentPlace\P3S local repo\bcs_p3s_repo_final_final\p3s\src\main\java\com\bcs\p3s\wrap\InBasket.java
C:\MERIN\Documents\PatentPlace\P3S local repo\bcs_p3s_repo_final_final\p3s\src\main\java\com\bcs\p3s\wrap\NotificationEmailParams.java
C:\MERIN\Documents\PatentPlace\P3S local repo\bcs_p3s_repo_final_final\p3s\src\main\java\com\bcs\p3s\wrap\package-info.java
C:\MERIN\Documents\PatentPlace\P3S local repo\bcs_p3s_repo_final_final\p3s\src\main\java\com\bcs\p3s\wrap\PatentExtendedData.java
C:\MERIN\Documents\PatentPlace\P3S local repo\bcs_p3s_repo_final_final\p3s\src\main\java\com\bcs\p3s\wrap\TwoColRecord.java
